<?xml version="1.0" encoding="UTF-8"?>
<testsuite xmlns:xsi="http://www.w3.org/2001/XMLSchema-instance" xsi:noNamespaceSchemaLocation="https://maven.apache.org/surefire/maven-surefire-plugin/xsd/surefire-test-report-3.0.xsd" version="3.0" name="org.prog3.dao.ItemDAOTest" time="0.022" tests="6" errors="0" skipped="0" failures="0">
  <properties>
[...]
</properties>
  <testcase name="saveItem" classname="org.prog3.dao.ItemDAOTest" time="0.001"/>
  <testcase name="deleteByName" classname="org.prog3.dao.ItemDAOTest" time="0.001"/>
  <testcase name="updateQuantity" classname="org.prog3.dao.ItemDAOTest" time="0.001"/>
  <testcase name="findByName" classname="org.prog3.dao.ItemDAOTest" time="0.002"/>
  <testcase name="findAllItemsByShoppingListId" classname="org.prog3.dao.ItemDAOTest" time="0.005"/>
  <testcase name="deleteAllItems" classname="org.prog3.dao.ItemDAOTest" time="0.002"/>
</testsuite>