<?xml version="1.0" encoding="UTF-8"?>
<testsuite xmlns:xsi="http://www.w3.org/2001/XMLSchema-instance" xsi:noNamespaceSchemaLocation="https://maven.apache.org/surefire/maven-surefire-plugin/xsd/surefire-test-report-3.0.xsd" version="3.0" name="org.prog3.controllers.ItemControllerTest" time="1.684" tests="7" errors="0" skipped="0" failures="0">
  <properties>
[...]
</properties>
  <testcase name="testDeleteAllItemsOfShoppingList" classname="org.prog3.controllers.ItemControllerTest" time="1.568">
    <system-out><![CDATA[Enter shopping list ID: 
All items deleted from the shopping list successfully.
]]></system-out>
    <system-err><![CDATA[WARNING: A Java agent has been loaded dynamically (C:\Users\briel\.m2\repository\net\bytebuddy\byte-buddy-agent\1.14.15\byte-buddy-agent-1.14.15.jar)
WARNING: If a serviceability tool is in use, please run with -XX:+EnableDynamicAgentLoading to hide this warning
WARNING: If a serviceability tool is not in use, please run with -Djdk.instrument.traceUsage for more information
WARNING: Dynamic loading of agents will be disallowed by default in a future release
]]></system-err>
  </testcase>
  <testcase name="testAddItem" classname="org.prog3.controllers.ItemControllerTest" time="0.011">
    <system-out><![CDATA[Enter item shopping list ID: 
Enter item category: 
Enter item name: 
Enter item price: 
Enter item quantity: 
Item successfully added to your shopping list!
]]></system-out>
  </testcase>
  <testcase name="testFindItemByName" classname="org.prog3.controllers.ItemControllerTest" time="0.006">
    <system-out><![CDATA[Enter item shopping list ID: 
Enter item name: 

]]></system-out>
  </testcase>
  <testcase name="testViewAllItemsOfShoppingList" classname="org.prog3.controllers.ItemControllerTest" time="0.025">
    <system-out><![CDATA[Enter shopping list ID: 
====ITEMS====
Item{id=0, name='Apple', category='Fruit', price=2.99, quantity=2.0, shoppingListId=1}
]]></system-out>
  </testcase>
  <testcase name="testRemoveItem" classname="org.prog3.controllers.ItemControllerTest" time="0.006">
    <system-out><![CDATA[Enter item shopping list ID: 
Enter item name: 
Are you sure you want to delete the Item? YES/NO
]]></system-out>
  </testcase>
  <testcase name="testUpdateItemQuantity" classname="org.prog3.controllers.ItemControllerTest" time="0.005">
    <system-out><![CDATA[Enter item shopping list ID: 
Enter item name: 
Enter item new quantity: 
]]></system-out>
  </testcase>
  <testcase name="testRemoveItemCancelled" classname="org.prog3.controllers.ItemControllerTest" time="0.013">
    <system-out><![CDATA[Enter item shopping list ID: 
Enter item name: 
Are you sure you want to delete the Item? YES/NO
Cancelled!
]]></system-out>
  </testcase>
</testsuite>