<?xml version="1.0" encoding="UTF-8"?>
<testsuite xmlns:xsi="http://www.w3.org/2001/XMLSchema-instance" xsi:noNamespaceSchemaLocation="https://maven.apache.org/surefire/maven-surefire-plugin/xsd/surefire-test-report-3.0.xsd" version="3.0" name="org.prog3.services.ItemServiceTest" time="0.134" tests="12" errors="0" skipped="0" failures="0">
  <properties>
[...]
</properties>
  <testcase name="testDeleteItemByNameWhenItemDoesNotExists" classname="org.prog3.services.ItemServiceTest" time="0.078">
    <system-out><![CDATA[Item Milk not found.
]]></system-out>
  </testcase>
  <testcase name="testDeleteAllItemsOfAShoppingListWhenItemsExist" classname="org.prog3.services.ItemServiceTest" time="0.006"/>
  <testcase name="testUpdateItemQuantityWithInvalidInput" classname="org.prog3.services.ItemServiceTest" time="0.002">
    <system-out><![CDATA[Invalid quantity
]]></system-out>
  </testcase>
  <testcase name="testDeleteAllItemsOfAShoppingListWhenItemsDoesNotExist" classname="org.prog3.services.ItemServiceTest" time="0.008"/>
  <testcase name="testGetAllItemsWhenItemsExist" classname="org.prog3.services.ItemServiceTest" time="0.003"/>
  <testcase name="testDeleteItemByNameWhenItemExists" classname="org.prog3.services.ItemServiceTest" time="0.004">
    <system-out><![CDATA[✅ Item Banane deleted successfully.
]]></system-out>
  </testcase>
  <testcase name="testFindItemByNameWhenItemExists" classname="org.prog3.services.ItemServiceTest" time="0.005"/>
  <testcase name="testGetAllItemsWhenItemsDoesNotExist" classname="org.prog3.services.ItemServiceTest" time="0.003"/>
  <testcase name="testFindItemByNameWhenItemDoesNotExists" classname="org.prog3.services.ItemServiceTest" time="0.002"/>
  <testcase name="testAddItemWithInvalidPriceOrQuantity" classname="org.prog3.services.ItemServiceTest" time="0.003"/>
  <testcase name="testAddItemWithValidInput" classname="org.prog3.services.ItemServiceTest" time="0.005"/>
  <testcase name="testUpdateItemQuantityWithValidInput" classname="org.prog3.services.ItemServiceTest" time="0.006">
    <system-out><![CDATA[Quantity updated for Banane to 3.0
]]></system-out>
  </testcase>
</testsuite>